<?xml version="1.0" encoding="UTF-8"?>
<!-- Generated by org.testng.reporters.JUnitXMLReporter -->
<testsuite ignored="0" hostname="ATMECSINDT-066" failures="0" tests="3" name="Product&#039;s Grand total Validation" time="0.074" errors="0" timestamp="27 Aug 2019 13:52:53 GMT">
  <testcase classname="com.atmecs.demoqa.testscrpits.Test1" name="test1" time="0.028"/>
  <testcase classname="com.atmecs.demoqa.testscrpits.Test1" name="test2" time="0.0"/>
  <testcase classname="com.atmecs.demoqa.testscrpits.Test1" name="test3" time="0.005"/>
</testsuite> <!-- Product's Grand total Validation -->
