<?xml version="1.0" encoding="UTF-8"?>
<!-- Generated by org.testng.reporters.JUnitXMLReporter -->
<testsuite ignored="0" hostname="ATMECSINDT-066" failures="1" tests="1" name="Sort Product test" time="9.807" errors="0" timestamp="28 Aug 2019 14:20:29 GMT">
  <testcase classname="com.atmecs.demoqa.testscrpits.ProductColorAndRangeFilterTest" name="navigateAndFilterBasedOnRange" time="0.0">
    <failure type="org.testng.TestNGException" message="
Data Provider public java.lang.Object[][] com.atmecs.demoqa.testscrpits.ProductColorAndRangeFilterTest.getProductData() returned a null value">
      <![CDATA[org.testng.TestNGException: 
Data Provider public java.lang.Object[][] com.atmecs.demoqa.testscrpits.ProductColorAndRangeFilterTest.getProductData() returned a null value
... Removed 27 stack frames]]>
    </failure>
  </testcase> <!-- navigateAndFilterBasedOnRange -->
</testsuite> <!-- Sort Product test -->
